<?xml version="1.0" encoding="UTF-8"?>
<!-- Generated by org.testng.reporters.JUnitReportReporter -->
<testsuite hostname="DESKTOP-SLEIMRC" failures="0" tests="1" name="Module1_Login_Test.SwagLabsTest" time="10.548" errors="0" timestamp="2024-12-17T18:31:56 IST" skipped="0">
  <testcase classname="Module1_Login_Test.SwagLabsTest" name="verifyLogoText" time="10.548"/>
</testsuite> <!-- Module1_Login_Test.SwagLabsTest -->
