<?xml version="1.0" encoding="UTF-8"?>
<!-- Generated by org.testng.reporters.JUnitReportReporter -->
<testsuite hostname="DESKTOP-SLEIMRC" failures="0" tests="1" name="Sample1.Demo1" time="1.876" errors="0" timestamp="2024-11-24T17:34:08 IST" skipped="0">
  <testcase classname="Sample1.Demo1" name="demo1" time="1.876"/>
</testsuite> <!-- Sample1.Demo1 -->
